13:42:33.160 2017-06-21 [main] INFO   - Start server at the port number: 54321 ip: 192.168.10.101 max number of clients: 10000
13:42:33.160 2017-06-21 [main] INFO   - Start server at the port number: 54321 ip: 192.168.10.101 max number of clients: 10000
13:42:52.244 2017-06-21 [main] INFO   - Start client
13:42:52.244 2017-06-21 [main] INFO   - Start client
13:42:52.821 2017-06-21 [Thread-1] DEBUG org.jboss.logging - Logging Provider: org.jboss.logging.Log4j2LoggerProvider
13:42:52.821 2017-06-21 [Thread-1] DEBUG org.jboss.logging - Logging Provider: org.jboss.logging.Log4j2LoggerProvider
13:42:55.315 2017-06-21 [Thread-1] WARN  org.hibernate.orm.connections.pooling - HHH10001002: Using Hibernate built-in connection pool (not for production use!)
13:42:55.315 2017-06-21 [Thread-1] WARN  org.hibernate.orm.connections.pooling - HHH10001002: Using Hibernate built-in connection pool (not for production use!)
13:42:57.415 2017-06-21 [pool-2-thread-1] INFO   - Start new thread with connection
13:42:57.415 2017-06-21 [pool-2-thread-1] INFO   - Start new thread with connection
13:42:57.416 2017-06-21 [pool-2-thread-1] INFO   - Server: Connect with: /127.0.0.1:60317
13:42:57.416 2017-06-21 [pool-2-thread-1] INFO   - Server: Connect with: /127.0.0.1:60317
13:42:58.483 2017-06-21 [pool-2-thread-1] INFO   - Action (action): getAllClassifieds
13:42:58.483 2017-06-21 [pool-2-thread-1] INFO   - Action (action): getAllClassifieds
13:42:59.685 2017-06-21 [pool-2-thread-1] WARN  org.hibernate.orm.connections.pooling - HHH10001002: Using Hibernate built-in connection pool (not for production use!)
13:42:59.685 2017-06-21 [pool-2-thread-1] WARN  org.hibernate.orm.connections.pooling - HHH10001002: Using Hibernate built-in connection pool (not for production use!)
13:43:00.547 2017-06-21 [JavaFX Application Thread] DEBUG org.jboss.logging - Logging Provider: org.jboss.logging.Log4j2LoggerProvider
13:43:00.547 2017-06-21 [JavaFX Application Thread] DEBUG org.jboss.logging - Logging Provider: org.jboss.logging.Log4j2LoggerProvider
13:43:00.628 2017-06-21 [pool-2-thread-1] INFO   - Action classiefieds: getAdminToClassifieds
13:43:00.628 2017-06-21 [pool-2-thread-1] INFO   - Action classiefieds: getAdminToClassifieds
13:43:00.640 2017-06-21 [pool-2-thread-1] INFO   - Action classiefieds: getAdminToClassifieds
13:43:00.640 2017-06-21 [pool-2-thread-1] INFO   - Action classiefieds: getAdminToClassifieds
13:43:00.647 2017-06-21 [pool-2-thread-1] INFO   - Action classiefieds: getAdminToClassifieds
13:43:00.647 2017-06-21 [pool-2-thread-1] INFO   - Action classiefieds: getAdminToClassifieds
13:43:00.656 2017-06-21 [pool-2-thread-1] INFO   - Action classiefieds: getAdminToClassifieds
13:43:00.656 2017-06-21 [pool-2-thread-1] INFO   - Action classiefieds: getAdminToClassifieds
13:43:00.664 2017-06-21 [pool-2-thread-1] INFO   - Action classiefieds: getAdminToClassifieds
13:43:00.664 2017-06-21 [pool-2-thread-1] INFO   - Action classiefieds: getAdminToClassifieds
13:43:00.671 2017-06-21 [pool-2-thread-1] INFO   - Action classiefieds: getAdminToClassifieds
13:43:00.671 2017-06-21 [pool-2-thread-1] INFO   - Action classiefieds: getAdminToClassifieds
13:43:00.680 2017-06-21 [pool-2-thread-1] INFO   - Action classiefieds: getAdminToClassifieds
13:43:00.680 2017-06-21 [pool-2-thread-1] INFO   - Action classiefieds: getAdminToClassifieds
13:43:00.689 2017-06-21 [pool-2-thread-1] INFO   - Action classiefieds: getAdminToClassifieds
13:43:00.689 2017-06-21 [pool-2-thread-1] INFO   - Action classiefieds: getAdminToClassifieds
13:43:00.702 2017-06-21 [pool-2-thread-1] INFO   - Action classiefieds: getAdminToClassifieds
13:43:00.702 2017-06-21 [pool-2-thread-1] INFO   - Action classiefieds: getAdminToClassifieds
13:43:00.710 2017-06-21 [pool-2-thread-1] INFO   - Action classiefieds: getAdminToClassifieds
13:43:00.710 2017-06-21 [pool-2-thread-1] INFO   - Action classiefieds: getAdminToClassifieds
13:43:00.717 2017-06-21 [pool-2-thread-1] INFO   - Action classiefieds: getAdminToClassifieds
13:43:00.717 2017-06-21 [pool-2-thread-1] INFO   - Action classiefieds: getAdminToClassifieds
13:43:00.726 2017-06-21 [pool-2-thread-1] INFO   - Action classiefieds: getAdminToClassifieds
13:43:00.726 2017-06-21 [pool-2-thread-1] INFO   - Action classiefieds: getAdminToClassifieds
13:43:00.738 2017-06-21 [pool-2-thread-1] INFO   - Action classiefieds: getAdminToClassifieds
13:43:00.738 2017-06-21 [pool-2-thread-1] INFO   - Action classiefieds: getAdminToClassifieds
13:43:00.757 2017-06-21 [pool-2-thread-1] INFO   - Action classiefieds: getAdminToClassifieds
13:43:00.757 2017-06-21 [pool-2-thread-1] INFO   - Action classiefieds: getAdminToClassifieds
13:43:00.765 2017-06-21 [pool-2-thread-1] INFO   - Action classiefieds: getAdminToClassifieds
13:43:00.765 2017-06-21 [pool-2-thread-1] INFO   - Action classiefieds: getAdminToClassifieds
13:43:00.779 2017-06-21 [pool-2-thread-1] INFO   - Action classiefieds: getAdminToClassifieds
13:43:00.779 2017-06-21 [pool-2-thread-1] INFO   - Action classiefieds: getAdminToClassifieds
13:43:00.789 2017-06-21 [pool-2-thread-1] INFO   - Action classiefieds: getAdminToClassifieds
13:43:00.789 2017-06-21 [pool-2-thread-1] INFO   - Action classiefieds: getAdminToClassifieds
13:43:00.794 2017-06-21 [pool-2-thread-1] INFO   - Action classiefieds: getAdminToClassifieds
13:43:00.794 2017-06-21 [pool-2-thread-1] INFO   - Action classiefieds: getAdminToClassifieds
13:43:00.800 2017-06-21 [pool-2-thread-1] INFO   - Action classiefieds: getAdminToClassifieds
13:43:00.800 2017-06-21 [pool-2-thread-1] INFO   - Action classiefieds: getAdminToClassifieds
13:43:00.812 2017-06-21 [pool-2-thread-1] INFO   - Action classiefieds: getAdminToClassifieds
13:43:00.812 2017-06-21 [pool-2-thread-1] INFO   - Action classiefieds: getAdminToClassifieds
13:43:00.819 2017-06-21 [pool-2-thread-1] INFO   - Action classiefieds: getAdminToClassifieds
13:43:00.819 2017-06-21 [pool-2-thread-1] INFO   - Action classiefieds: getAdminToClassifieds
13:43:00.831 2017-06-21 [pool-2-thread-1] INFO   - Action classiefieds: getAdminToClassifieds
13:43:00.831 2017-06-21 [pool-2-thread-1] INFO   - Action classiefieds: getAdminToClassifieds
13:43:00.852 2017-06-21 [pool-2-thread-1] INFO   - Action classiefieds: getAdminToClassifieds
13:43:00.852 2017-06-21 [pool-2-thread-1] INFO   - Action classiefieds: getAdminToClassifieds
13:43:00.870 2017-06-21 [pool-2-thread-1] INFO   - Action classiefieds: getAdminToClassifieds
13:43:00.870 2017-06-21 [pool-2-thread-1] INFO   - Action classiefieds: getAdminToClassifieds
13:43:00.879 2017-06-21 [pool-2-thread-1] INFO   - Action classiefieds: getAdminToClassifieds
13:43:00.879 2017-06-21 [pool-2-thread-1] INFO   - Action classiefieds: getAdminToClassifieds
13:43:00.885 2017-06-21 [pool-2-thread-1] INFO   - Action classiefieds: getAdminToClassifieds
13:43:00.885 2017-06-21 [pool-2-thread-1] INFO   - Action classiefieds: getAdminToClassifieds
13:43:00.891 2017-06-21 [pool-2-thread-1] INFO   - Action classiefieds: getAdminToClassifieds
13:43:00.891 2017-06-21 [pool-2-thread-1] INFO   - Action classiefieds: getAdminToClassifieds
13:43:00.900 2017-06-21 [pool-2-thread-1] INFO   - Action classiefieds: getAdminToClassifieds
13:43:00.900 2017-06-21 [pool-2-thread-1] INFO   - Action classiefieds: getAdminToClassifieds
13:43:00.906 2017-06-21 [pool-2-thread-1] INFO   - Action classiefieds: getAdminToClassifieds
13:43:00.906 2017-06-21 [pool-2-thread-1] INFO   - Action classiefieds: getAdminToClassifieds
13:43:00.911 2017-06-21 [pool-2-thread-1] INFO   - Action classiefieds: getAdminToClassifieds
13:43:00.911 2017-06-21 [pool-2-thread-1] INFO   - Action classiefieds: getAdminToClassifieds
13:43:00.919 2017-06-21 [pool-2-thread-1] INFO   - Action classiefieds: getAdminToClassifieds
13:43:00.919 2017-06-21 [pool-2-thread-1] INFO   - Action classiefieds: getAdminToClassifieds
13:43:00.924 2017-06-21 [pool-2-thread-1] INFO   - Action classiefieds: getAdminToClassifieds
13:43:00.924 2017-06-21 [pool-2-thread-1] INFO   - Action classiefieds: getAdminToClassifieds
13:43:00.930 2017-06-21 [pool-2-thread-1] INFO   - Action classiefieds: getAdminToClassifieds
13:43:00.930 2017-06-21 [pool-2-thread-1] INFO   - Action classiefieds: getAdminToClassifieds
13:43:00.937 2017-06-21 [pool-2-thread-1] INFO   - Action classiefieds: getAdminToClassifieds
13:43:00.937 2017-06-21 [pool-2-thread-1] INFO   - Action classiefieds: getAdminToClassifieds
13:43:00.943 2017-06-21 [pool-2-thread-1] INFO   - Action classiefieds: getAdminToClassifieds
13:43:00.943 2017-06-21 [pool-2-thread-1] INFO   - Action classiefieds: getAdminToClassifieds
13:43:00.948 2017-06-21 [pool-2-thread-1] INFO   - Action classiefieds: getAdminToClassifieds
13:43:00.948 2017-06-21 [pool-2-thread-1] INFO   - Action classiefieds: getAdminToClassifieds
13:43:00.954 2017-06-21 [pool-2-thread-1] INFO   - Action classiefieds: getAdminToClassifieds
13:43:00.954 2017-06-21 [pool-2-thread-1] INFO   - Action classiefieds: getAdminToClassifieds
13:43:00.965 2017-06-21 [pool-2-thread-1] INFO   - Action classiefieds: getAdminToClassifieds
13:43:00.965 2017-06-21 [pool-2-thread-1] INFO   - Action classiefieds: getAdminToClassifieds
13:43:00.971 2017-06-21 [pool-2-thread-1] INFO   - Action classiefieds: getAdminToClassifieds
13:43:00.971 2017-06-21 [pool-2-thread-1] INFO   - Action classiefieds: getAdminToClassifieds
13:43:00.977 2017-06-21 [pool-2-thread-1] INFO   - Action classiefieds: getAdminToClassifieds
13:43:00.977 2017-06-21 [pool-2-thread-1] INFO   - Action classiefieds: getAdminToClassifieds
13:43:00.982 2017-06-21 [pool-2-thread-1] INFO   - Action classiefieds: getAdminToClassifieds
13:43:00.982 2017-06-21 [pool-2-thread-1] INFO   - Action classiefieds: getAdminToClassifieds
13:43:00.991 2017-06-21 [pool-2-thread-1] INFO   - Action classiefieds: getAdminToClassifieds
13:43:00.991 2017-06-21 [pool-2-thread-1] INFO   - Action classiefieds: getAdminToClassifieds
13:43:00.998 2017-06-21 [pool-2-thread-1] INFO   - Action classiefieds: getAdminToClassifieds
13:43:00.998 2017-06-21 [pool-2-thread-1] INFO   - Action classiefieds: getAdminToClassifieds
13:43:01.003 2017-06-21 [pool-2-thread-1] INFO   - Action classiefieds: getAdminToClassifieds
13:43:01.003 2017-06-21 [pool-2-thread-1] INFO   - Action classiefieds: getAdminToClassifieds
13:43:01.009 2017-06-21 [pool-2-thread-1] INFO   - Action classiefieds: getAdminToClassifieds
13:43:01.009 2017-06-21 [pool-2-thread-1] INFO   - Action classiefieds: getAdminToClassifieds
13:43:01.018 2017-06-21 [pool-2-thread-1] INFO   - Action classiefieds: getAdminToClassifieds
13:43:01.018 2017-06-21 [pool-2-thread-1] INFO   - Action classiefieds: getAdminToClassifieds
13:43:01.025 2017-06-21 [pool-2-thread-1] INFO   - Action classiefieds: getAdminToClassifieds
13:43:01.025 2017-06-21 [pool-2-thread-1] INFO   - Action classiefieds: getAdminToClassifieds
13:43:01.030 2017-06-21 [pool-2-thread-1] INFO   - Action classiefieds: getAdminToClassifieds
13:43:01.030 2017-06-21 [pool-2-thread-1] INFO   - Action classiefieds: getAdminToClassifieds
13:43:01.035 2017-06-21 [pool-2-thread-1] INFO   - Action classiefieds: getAdminToClassifieds
13:43:01.035 2017-06-21 [pool-2-thread-1] INFO   - Action classiefieds: getAdminToClassifieds
13:43:01.040 2017-06-21 [pool-2-thread-1] INFO   - Action classiefieds: getAdminToClassifieds
13:43:01.040 2017-06-21 [pool-2-thread-1] INFO   - Action classiefieds: getAdminToClassifieds
13:43:01.046 2017-06-21 [pool-2-thread-1] INFO   - Action classiefieds: getAdminToClassifieds
13:43:01.046 2017-06-21 [pool-2-thread-1] INFO   - Action classiefieds: getAdminToClassifieds
13:43:02.529 2017-06-21 [pool-2-thread-1] INFO   - Action users: login
13:43:02.529 2017-06-21 [pool-2-thread-1] INFO   - Action users: login
13:43:02.559 2017-06-21 [JavaFX Application Thread] INFO   - Login success
13:43:02.559 2017-06-21 [JavaFX Application Thread] INFO   - Login success
13:43:03.990 2017-06-21 [JavaFX Application Thread] INFO   - Success login
13:43:03.990 2017-06-21 [JavaFX Application Thread] INFO   - Success login
13:43:04.007 2017-06-21 [pool-2-thread-1] INFO   - Action users: getStudentToUser
13:43:04.007 2017-06-21 [pool-2-thread-1] INFO   - Action users: getStudentToUser
13:43:04.021 2017-06-21 [pool-2-thread-1] INFO   - Action users: getTeacherToUser
13:43:04.021 2017-06-21 [pool-2-thread-1] INFO   - Action users: getTeacherToUser
13:43:04.034 2017-06-21 [pool-2-thread-1] INFO   - Action users: getAdminToUser
13:43:04.034 2017-06-21 [pool-2-thread-1] INFO   - Action users: getAdminToUser
13:43:05.246 2017-06-21 [pool-2-thread-1] INFO   - Action (action): getAllClassifieds
13:43:05.246 2017-06-21 [pool-2-thread-1] INFO   - Action (action): getAllClassifieds
13:43:07.048 2017-06-21 [pool-2-thread-1] INFO   - Action (action): getAllSubstitutes
13:43:07.048 2017-06-21 [pool-2-thread-1] INFO   - Action (action): getAllSubstitutes
13:43:07.903 2017-06-21 [pool-2-thread-1] INFO   - Action (action): getAllSchoolYears
13:43:07.903 2017-06-21 [pool-2-thread-1] INFO   - Action (action): getAllSchoolYears
13:43:07.924 2017-06-21 [pool-2-thread-1] INFO   - Action school years nh: getSemestersToYear
13:43:07.924 2017-06-21 [pool-2-thread-1] INFO   - Action school years nh: getSemestersToYear
13:43:07.946 2017-06-21 [pool-2-thread-1] INFO   - Action school years nh: getSemestersToYear
13:43:07.946 2017-06-21 [pool-2-thread-1] INFO   - Action school years nh: getSemestersToYear
13:43:07.957 2017-06-21 [pool-2-thread-1] INFO   - Action school years nh: getSemestersToYear
13:43:07.957 2017-06-21 [pool-2-thread-1] INFO   - Action school years nh: getSemestersToYear
13:43:07.965 2017-06-21 [pool-2-thread-1] INFO   - Action school years nh: getSemestersToYear
13:43:07.965 2017-06-21 [pool-2-thread-1] INFO   - Action school years nh: getSemestersToYear
13:43:07.974 2017-06-21 [pool-2-thread-1] INFO   - Action school years nh: getSemestersToYear
13:43:07.974 2017-06-21 [pool-2-thread-1] INFO   - Action school years nh: getSemestersToYear
13:43:08.747 2017-06-21 [pool-2-thread-1] INFO   - Action (action): getAllSubjects
13:43:08.747 2017-06-21 [pool-2-thread-1] INFO   - Action (action): getAllSubjects
13:43:09.359 2017-06-21 [pool-2-thread-1] INFO   - Action (action): getAllClasses
13:43:09.359 2017-06-21 [pool-2-thread-1] INFO   - Action (action): getAllClasses
13:43:09.465 2017-06-21 [pool-2-thread-1] INFO   - Action classes: getCarriedSubjectsToClasses
13:43:09.465 2017-06-21 [pool-2-thread-1] INFO   - Action classes: getCarriedSubjectsToClasses
13:43:09.597 2017-06-21 [pool-2-thread-1] INFO   - Action classes: getStudentsClassesToClasses
13:43:09.597 2017-06-21 [pool-2-thread-1] INFO   - Action classes: getStudentsClassesToClasses
13:43:09.783 2017-06-21 [pool-2-thread-1] INFO   - Action classes: getCarriedSubjectsToClasses
13:43:09.783 2017-06-21 [pool-2-thread-1] INFO   - Action classes: getCarriedSubjectsToClasses
13:43:09.877 2017-06-21 [pool-2-thread-1] INFO   - Action classes: getStudentsClassesToClasses
13:43:09.877 2017-06-21 [pool-2-thread-1] INFO   - Action classes: getStudentsClassesToClasses
13:43:10.117 2017-06-21 [pool-2-thread-1] INFO   - Action classes: getCarriedSubjectsToClasses
13:43:10.117 2017-06-21 [pool-2-thread-1] INFO   - Action classes: getCarriedSubjectsToClasses
13:43:10.250 2017-06-21 [pool-2-thread-1] INFO   - Action classes: getStudentsClassesToClasses
13:43:10.250 2017-06-21 [pool-2-thread-1] INFO   - Action classes: getStudentsClassesToClasses
13:43:10.345 2017-06-21 [pool-2-thread-1] INFO   - Action classes: getCarriedSubjectsToClasses
13:43:10.345 2017-06-21 [pool-2-thread-1] INFO   - Action classes: getCarriedSubjectsToClasses
13:43:10.412 2017-06-21 [pool-2-thread-1] INFO   - Action classes: getStudentsClassesToClasses
13:43:10.412 2017-06-21 [pool-2-thread-1] INFO   - Action classes: getStudentsClassesToClasses
13:43:10.474 2017-06-21 [pool-2-thread-1] INFO   - Action classes: getCarriedSubjectsToClasses
13:43:10.474 2017-06-21 [pool-2-thread-1] INFO   - Action classes: getCarriedSubjectsToClasses
13:43:10.598 2017-06-21 [pool-2-thread-1] INFO   - Action classes: getStudentsClassesToClasses
13:43:10.598 2017-06-21 [pool-2-thread-1] INFO   - Action classes: getStudentsClassesToClasses
13:43:10.686 2017-06-21 [pool-2-thread-1] INFO   - Action classes: getCarriedSubjectsToClasses
13:43:10.686 2017-06-21 [pool-2-thread-1] INFO   - Action classes: getCarriedSubjectsToClasses
13:43:10.789 2017-06-21 [pool-2-thread-1] INFO   - Action classes: getStudentsClassesToClasses
13:43:10.789 2017-06-21 [pool-2-thread-1] INFO   - Action classes: getStudentsClassesToClasses
13:43:10.888 2017-06-21 [pool-2-thread-1] INFO   - Action classes: getCarriedSubjectsToClasses
13:43:10.888 2017-06-21 [pool-2-thread-1] INFO   - Action classes: getCarriedSubjectsToClasses
13:43:10.909 2017-06-21 [pool-2-thread-1] INFO   - Action classes: getStudentsClassesToClasses
13:43:10.909 2017-06-21 [pool-2-thread-1] INFO   - Action classes: getStudentsClassesToClasses
13:43:10.961 2017-06-21 [pool-2-thread-1] INFO   - Action classes: getCarriedSubjectsToClasses
13:43:10.961 2017-06-21 [pool-2-thread-1] INFO   - Action classes: getCarriedSubjectsToClasses
13:43:11.337 2017-06-21 [pool-2-thread-1] INFO   - Action classes: getStudentsClassesToClasses
13:43:11.337 2017-06-21 [pool-2-thread-1] INFO   - Action classes: getStudentsClassesToClasses
13:43:11.544 2017-06-21 [pool-2-thread-1] INFO   - Action classes: getCarriedSubjectsToClasses
13:43:11.544 2017-06-21 [pool-2-thread-1] INFO   - Action classes: getCarriedSubjectsToClasses
13:43:11.578 2017-06-21 [pool-2-thread-1] INFO   - Action classes: getStudentsClassesToClasses
13:43:11.578 2017-06-21 [pool-2-thread-1] INFO   - Action classes: getStudentsClassesToClasses
13:43:11.648 2017-06-21 [pool-2-thread-1] INFO   - Action classes: getCarriedSubjectsToClasses
13:43:11.648 2017-06-21 [pool-2-thread-1] INFO   - Action classes: getCarriedSubjectsToClasses
13:43:11.726 2017-06-21 [pool-2-thread-1] INFO   - Action classes: getStudentsClassesToClasses
13:43:11.726 2017-06-21 [pool-2-thread-1] INFO   - Action classes: getStudentsClassesToClasses
13:43:11.804 2017-06-21 [pool-2-thread-1] INFO   - Action classes: getCarriedSubjectsToClasses
13:43:11.804 2017-06-21 [pool-2-thread-1] INFO   - Action classes: getCarriedSubjectsToClasses
13:43:11.897 2017-06-21 [pool-2-thread-1] INFO   - Action classes: getStudentsClassesToClasses
13:43:11.897 2017-06-21 [pool-2-thread-1] INFO   - Action classes: getStudentsClassesToClasses
13:43:11.966 2017-06-21 [pool-2-thread-1] INFO   - Action classes: getCarriedSubjectsToClasses
13:43:11.966 2017-06-21 [pool-2-thread-1] INFO   - Action classes: getCarriedSubjectsToClasses
13:43:11.984 2017-06-21 [pool-2-thread-1] INFO   - Action classes: getStudentsClassesToClasses
13:43:11.984 2017-06-21 [pool-2-thread-1] INFO   - Action classes: getStudentsClassesToClasses
13:43:12.030 2017-06-21 [pool-2-thread-1] INFO   - Action classes: getCarriedSubjectsToClasses
13:43:12.030 2017-06-21 [pool-2-thread-1] INFO   - Action classes: getCarriedSubjectsToClasses
13:43:12.056 2017-06-21 [pool-2-thread-1] INFO   - Action classes: getStudentsClassesToClasses
13:43:12.056 2017-06-21 [pool-2-thread-1] INFO   - Action classes: getStudentsClassesToClasses
13:43:12.120 2017-06-21 [pool-2-thread-1] INFO   - Action classes: getCarriedSubjectsToClasses
13:43:12.120 2017-06-21 [pool-2-thread-1] INFO   - Action classes: getCarriedSubjectsToClasses
13:43:12.223 2017-06-21 [pool-2-thread-1] INFO   - Action classes: getStudentsClassesToClasses
13:43:12.223 2017-06-21 [pool-2-thread-1] INFO   - Action classes: getStudentsClassesToClasses
13:43:12.291 2017-06-21 [pool-2-thread-1] INFO   - Action classes: getCarriedSubjectsToClasses
13:43:12.291 2017-06-21 [pool-2-thread-1] INFO   - Action classes: getCarriedSubjectsToClasses
13:43:12.325 2017-06-21 [pool-2-thread-1] INFO   - Action classes: getStudentsClassesToClasses
13:43:12.325 2017-06-21 [pool-2-thread-1] INFO   - Action classes: getStudentsClassesToClasses
13:43:12.386 2017-06-21 [pool-2-thread-1] INFO   - Action classes: getCarriedSubjectsToClasses
13:43:12.386 2017-06-21 [pool-2-thread-1] INFO   - Action classes: getCarriedSubjectsToClasses
13:43:12.484 2017-06-21 [pool-2-thread-1] INFO   - Action classes: getStudentsClassesToClasses
13:43:12.484 2017-06-21 [pool-2-thread-1] INFO   - Action classes: getStudentsClassesToClasses
13:43:12.558 2017-06-21 [pool-2-thread-1] INFO   - Action classes: getCarriedSubjectsToClasses
13:43:12.558 2017-06-21 [pool-2-thread-1] INFO   - Action classes: getCarriedSubjectsToClasses
13:43:12.675 2017-06-21 [pool-2-thread-1] INFO   - Action classes: getStudentsClassesToClasses
13:43:12.675 2017-06-21 [pool-2-thread-1] INFO   - Action classes: getStudentsClassesToClasses
13:43:12.740 2017-06-21 [pool-2-thread-1] INFO   - Action classes: getCarriedSubjectsToClasses
13:43:12.740 2017-06-21 [pool-2-thread-1] INFO   - Action classes: getCarriedSubjectsToClasses
13:43:12.823 2017-06-21 [pool-2-thread-1] INFO   - Action classes: getStudentsClassesToClasses
13:43:12.823 2017-06-21 [pool-2-thread-1] INFO   - Action classes: getStudentsClassesToClasses
13:43:12.926 2017-06-21 [pool-2-thread-1] INFO   - Action classes: getCarriedSubjectsToClasses
13:43:12.926 2017-06-21 [pool-2-thread-1] INFO   - Action classes: getCarriedSubjectsToClasses
13:43:13.009 2017-06-21 [pool-2-thread-1] INFO   - Action classes: getStudentsClassesToClasses
13:43:13.009 2017-06-21 [pool-2-thread-1] INFO   - Action classes: getStudentsClassesToClasses
13:43:13.159 2017-06-21 [pool-2-thread-1] INFO   - Action classes: getCarriedSubjectsToClasses
13:43:13.159 2017-06-21 [pool-2-thread-1] INFO   - Action classes: getCarriedSubjectsToClasses
13:43:13.250 2017-06-21 [pool-2-thread-1] INFO   - Action classes: getStudentsClassesToClasses
13:43:13.250 2017-06-21 [pool-2-thread-1] INFO   - Action classes: getStudentsClassesToClasses
13:43:13.303 2017-06-21 [pool-2-thread-1] INFO   - Action classes: getCarriedSubjectsToClasses
13:43:13.303 2017-06-21 [pool-2-thread-1] INFO   - Action classes: getCarriedSubjectsToClasses
13:43:13.370 2017-06-21 [pool-2-thread-1] INFO   - Action classes: getStudentsClassesToClasses
13:43:13.370 2017-06-21 [pool-2-thread-1] INFO   - Action classes: getStudentsClassesToClasses
13:43:13.421 2017-06-21 [pool-2-thread-1] INFO   - Action classes: getCarriedSubjectsToClasses
13:43:13.421 2017-06-21 [pool-2-thread-1] INFO   - Action classes: getCarriedSubjectsToClasses
13:43:13.536 2017-06-21 [pool-2-thread-1] INFO   - Action classes: getStudentsClassesToClasses
13:43:13.536 2017-06-21 [pool-2-thread-1] INFO   - Action classes: getStudentsClassesToClasses
13:43:13.593 2017-06-21 [pool-2-thread-1] INFO   - Action classes: getCarriedSubjectsToClasses
13:43:13.593 2017-06-21 [pool-2-thread-1] INFO   - Action classes: getCarriedSubjectsToClasses
13:43:13.677 2017-06-21 [pool-2-thread-1] INFO   - Action classes: getStudentsClassesToClasses
13:43:13.677 2017-06-21 [pool-2-thread-1] INFO   - Action classes: getStudentsClassesToClasses
13:43:13.774 2017-06-21 [pool-2-thread-1] INFO   - Action classes: getCarriedSubjectsToClasses
13:43:13.774 2017-06-21 [pool-2-thread-1] INFO   - Action classes: getCarriedSubjectsToClasses
13:43:13.837 2017-06-21 [pool-2-thread-1] INFO   - Action classes: getStudentsClassesToClasses
13:43:13.837 2017-06-21 [pool-2-thread-1] INFO   - Action classes: getStudentsClassesToClasses
13:43:13.888 2017-06-21 [pool-2-thread-1] INFO   - Action classes: getCarriedSubjectsToClasses
13:43:13.888 2017-06-21 [pool-2-thread-1] INFO   - Action classes: getCarriedSubjectsToClasses
13:43:13.924 2017-06-21 [pool-2-thread-1] INFO   - Action classes: getStudentsClassesToClasses
13:43:13.924 2017-06-21 [pool-2-thread-1] INFO   - Action classes: getStudentsClassesToClasses
13:43:13.967 2017-06-21 [pool-2-thread-1] INFO   - Action classes: getCarriedSubjectsToClasses
13:43:13.967 2017-06-21 [pool-2-thread-1] INFO   - Action classes: getCarriedSubjectsToClasses
13:43:14.049 2017-06-21 [pool-2-thread-1] INFO   - Action classes: getStudentsClassesToClasses
13:43:14.049 2017-06-21 [pool-2-thread-1] INFO   - Action classes: getStudentsClassesToClasses
13:43:14.113 2017-06-21 [pool-2-thread-1] INFO   - Action classes: getCarriedSubjectsToClasses
13:43:14.113 2017-06-21 [pool-2-thread-1] INFO   - Action classes: getCarriedSubjectsToClasses
13:43:14.164 2017-06-21 [pool-2-thread-1] INFO   - Action classes: getStudentsClassesToClasses
13:43:14.164 2017-06-21 [pool-2-thread-1] INFO   - Action classes: getStudentsClassesToClasses
13:43:14.202 2017-06-21 [pool-2-thread-1] INFO   - Action classes: getCarriedSubjectsToClasses
13:43:14.202 2017-06-21 [pool-2-thread-1] INFO   - Action classes: getCarriedSubjectsToClasses
13:43:14.232 2017-06-21 [pool-2-thread-1] INFO   - Action classes: getStudentsClassesToClasses
13:43:14.232 2017-06-21 [pool-2-thread-1] INFO   - Action classes: getStudentsClassesToClasses
13:43:14.282 2017-06-21 [pool-2-thread-1] INFO   - Action classes: getCarriedSubjectsToClasses
13:43:14.282 2017-06-21 [pool-2-thread-1] INFO   - Action classes: getCarriedSubjectsToClasses
13:43:14.311 2017-06-21 [pool-2-thread-1] INFO   - Action classes: getStudentsClassesToClasses
13:43:14.311 2017-06-21 [pool-2-thread-1] INFO   - Action classes: getStudentsClassesToClasses
13:43:14.349 2017-06-21 [pool-2-thread-1] INFO   - Action classes: getCarriedSubjectsToClasses
13:43:14.349 2017-06-21 [pool-2-thread-1] INFO   - Action classes: getCarriedSubjectsToClasses
13:43:14.420 2017-06-21 [pool-2-thread-1] INFO   - Action classes: getStudentsClassesToClasses
13:43:14.420 2017-06-21 [pool-2-thread-1] INFO   - Action classes: getStudentsClassesToClasses
13:43:14.481 2017-06-21 [pool-2-thread-1] INFO   - Action classes: getCarriedSubjectsToClasses
13:43:14.481 2017-06-21 [pool-2-thread-1] INFO   - Action classes: getCarriedSubjectsToClasses
13:43:14.514 2017-06-21 [pool-2-thread-1] INFO   - Action classes: getStudentsClassesToClasses
13:43:14.514 2017-06-21 [pool-2-thread-1] INFO   - Action classes: getStudentsClassesToClasses
13:43:14.560 2017-06-21 [pool-2-thread-1] INFO   - Action classes: getCarriedSubjectsToClasses
13:43:14.560 2017-06-21 [pool-2-thread-1] INFO   - Action classes: getCarriedSubjectsToClasses
13:43:14.633 2017-06-21 [pool-2-thread-1] INFO   - Action classes: getStudentsClassesToClasses
13:43:14.633 2017-06-21 [pool-2-thread-1] INFO   - Action classes: getStudentsClassesToClasses
13:43:14.708 2017-06-21 [pool-2-thread-1] INFO   - Action classes: getCarriedSubjectsToClasses
13:43:14.708 2017-06-21 [pool-2-thread-1] INFO   - Action classes: getCarriedSubjectsToClasses
13:43:14.774 2017-06-21 [pool-2-thread-1] INFO   - Action classes: getStudentsClassesToClasses
13:43:14.774 2017-06-21 [pool-2-thread-1] INFO   - Action classes: getStudentsClassesToClasses
13:43:14.833 2017-06-21 [pool-2-thread-1] INFO   - Action classes: getCarriedSubjectsToClasses
13:43:14.833 2017-06-21 [pool-2-thread-1] INFO   - Action classes: getCarriedSubjectsToClasses
13:43:14.849 2017-06-21 [pool-2-thread-1] INFO   - Action classes: getStudentsClassesToClasses
13:43:14.849 2017-06-21 [pool-2-thread-1] INFO   - Action classes: getStudentsClassesToClasses
13:43:14.901 2017-06-21 [pool-2-thread-1] INFO   - Action classes: getCarriedSubjectsToClasses
13:43:14.901 2017-06-21 [pool-2-thread-1] INFO   - Action classes: getCarriedSubjectsToClasses
13:43:14.957 2017-06-21 [pool-2-thread-1] INFO   - Action classes: getStudentsClassesToClasses
13:43:14.957 2017-06-21 [pool-2-thread-1] INFO   - Action classes: getStudentsClassesToClasses
13:43:15.005 2017-06-21 [pool-2-thread-1] INFO   - Action classes: getCarriedSubjectsToClasses
13:43:15.005 2017-06-21 [pool-2-thread-1] INFO   - Action classes: getCarriedSubjectsToClasses
13:43:15.064 2017-06-21 [pool-2-thread-1] INFO   - Action classes: getStudentsClassesToClasses
13:43:15.064 2017-06-21 [pool-2-thread-1] INFO   - Action classes: getStudentsClassesToClasses
13:43:15.117 2017-06-21 [pool-2-thread-1] INFO   - Action classes: getCarriedSubjectsToClasses
13:43:15.117 2017-06-21 [pool-2-thread-1] INFO   - Action classes: getCarriedSubjectsToClasses
13:43:15.166 2017-06-21 [pool-2-thread-1] INFO   - Action classes: getStudentsClassesToClasses
13:43:15.166 2017-06-21 [pool-2-thread-1] INFO   - Action classes: getStudentsClassesToClasses
13:43:15.207 2017-06-21 [pool-2-thread-1] INFO   - Action classes: getCarriedSubjectsToClasses
13:43:15.207 2017-06-21 [pool-2-thread-1] INFO   - Action classes: getCarriedSubjectsToClasses
13:43:15.290 2017-06-21 [pool-2-thread-1] INFO   - Action classes: getStudentsClassesToClasses
13:43:15.290 2017-06-21 [pool-2-thread-1] INFO   - Action classes: getStudentsClassesToClasses
13:43:15.345 2017-06-21 [pool-2-thread-1] INFO   - Action classes: getCarriedSubjectsToClasses
13:43:15.345 2017-06-21 [pool-2-thread-1] INFO   - Action classes: getCarriedSubjectsToClasses
13:43:15.420 2017-06-21 [pool-2-thread-1] INFO   - Action classes: getStudentsClassesToClasses
13:43:15.420 2017-06-21 [pool-2-thread-1] INFO   - Action classes: getStudentsClassesToClasses
13:43:15.466 2017-06-21 [pool-2-thread-1] INFO   - Action classes: getCarriedSubjectsToClasses
13:43:15.466 2017-06-21 [pool-2-thread-1] INFO   - Action classes: getCarriedSubjectsToClasses
13:43:15.555 2017-06-21 [pool-2-thread-1] INFO   - Action classes: getStudentsClassesToClasses
13:43:15.555 2017-06-21 [pool-2-thread-1] INFO   - Action classes: getStudentsClassesToClasses
13:43:15.630 2017-06-21 [pool-2-thread-1] INFO   - Action classes: getCarriedSubjectsToClasses
13:43:15.630 2017-06-21 [pool-2-thread-1] INFO   - Action classes: getCarriedSubjectsToClasses
13:43:15.680 2017-06-21 [pool-2-thread-1] INFO   - Action classes: getStudentsClassesToClasses
13:43:15.680 2017-06-21 [pool-2-thread-1] INFO   - Action classes: getStudentsClassesToClasses
13:43:15.727 2017-06-21 [pool-2-thread-1] INFO   - Action classes: getCarriedSubjectsToClasses
13:43:15.727 2017-06-21 [pool-2-thread-1] INFO   - Action classes: getCarriedSubjectsToClasses
13:43:15.775 2017-06-21 [pool-2-thread-1] INFO   - Action classes: getStudentsClassesToClasses
13:43:15.775 2017-06-21 [pool-2-thread-1] INFO   - Action classes: getStudentsClassesToClasses
13:43:15.837 2017-06-21 [pool-2-thread-1] INFO   - Action classes: getCarriedSubjectsToClasses
13:43:15.837 2017-06-21 [pool-2-thread-1] INFO   - Action classes: getCarriedSubjectsToClasses
13:43:16.021 2017-06-21 [pool-2-thread-1] INFO   - Action classes: getStudentsClassesToClasses
13:43:16.021 2017-06-21 [pool-2-thread-1] INFO   - Action classes: getStudentsClassesToClasses
13:43:16.095 2017-06-21 [pool-2-thread-1] INFO   - Action classes: getCarriedSubjectsToClasses
13:43:16.095 2017-06-21 [pool-2-thread-1] INFO   - Action classes: getCarriedSubjectsToClasses
13:43:16.174 2017-06-21 [pool-2-thread-1] INFO   - Action classes: getStudentsClassesToClasses
13:43:16.174 2017-06-21 [pool-2-thread-1] INFO   - Action classes: getStudentsClassesToClasses
13:43:16.249 2017-06-21 [pool-2-thread-1] INFO   - Action classes: getCarriedSubjectsToClasses
13:43:16.249 2017-06-21 [pool-2-thread-1] INFO   - Action classes: getCarriedSubjectsToClasses
13:43:16.277 2017-06-21 [pool-2-thread-1] INFO   - Action classes: getStudentsClassesToClasses
13:43:16.277 2017-06-21 [pool-2-thread-1] INFO   - Action classes: getStudentsClassesToClasses
13:43:16.320 2017-06-21 [pool-2-thread-1] INFO   - Action classes: getCarriedSubjectsToClasses
13:43:16.320 2017-06-21 [pool-2-thread-1] INFO   - Action classes: getCarriedSubjectsToClasses
13:43:16.342 2017-06-21 [pool-2-thread-1] INFO   - Action classes: getStudentsClassesToClasses
13:43:16.342 2017-06-21 [pool-2-thread-1] INFO   - Action classes: getStudentsClassesToClasses
13:43:16.378 2017-06-21 [pool-2-thread-1] INFO   - Action classes: getCarriedSubjectsToClasses
13:43:16.378 2017-06-21 [pool-2-thread-1] INFO   - Action classes: getCarriedSubjectsToClasses
13:43:16.394 2017-06-21 [pool-2-thread-1] INFO   - Action classes: getStudentsClassesToClasses
13:43:16.394 2017-06-21 [pool-2-thread-1] INFO   - Action classes: getStudentsClassesToClasses
13:43:16.445 2017-06-21 [pool-2-thread-1] INFO   - Action classes: getCarriedSubjectsToClasses
13:43:16.445 2017-06-21 [pool-2-thread-1] INFO   - Action classes: getCarriedSubjectsToClasses
13:43:16.535 2017-06-21 [pool-2-thread-1] INFO   - Action classes: getStudentsClassesToClasses
13:43:16.535 2017-06-21 [pool-2-thread-1] INFO   - Action classes: getStudentsClassesToClasses
13:43:25.776 2017-06-21 [pool-2-thread-1] INFO   - Action users: logOut
13:43:25.776 2017-06-21 [pool-2-thread-1] INFO   - Action users: logOut
13:43:25.826 2017-06-21 [JavaFX Application Thread] INFO   - Log out
13:43:25.826 2017-06-21 [JavaFX Application Thread] INFO   - Log out
13:43:25.829 2017-06-21 [pool-2-thread-1] INFO   - Disconnect: /127.0.0.1:60317
13:43:25.829 2017-06-21 [pool-2-thread-1] INFO   - Disconnect: /127.0.0.1:60317
13:43:25.832 2017-06-21 [JavaFX Application Thread] INFO   - Close app
13:43:25.832 2017-06-21 [JavaFX Application Thread] INFO   - Close app
